Rate4Site to be run using the executable at '.\rate4site.exe'.


Input FASTA from file data-v2-without_pseudo_cluster/HMG_box-domain_MSA_sort.txt
Number of columns in the alignment (== length of first sequence including gaps) = 69
Number of rows in the alignment = 31

partition of size 10 to be created.
partition of size 5 to be created.
partition of size 16 to be created.
Partitioning the input alignment into 3 subfamilies.
    Subfamily 1 consists of 10 rows; only columns with at most 20% gaps (<= 2) are analyzed.
    Subfamily 2 consists of 5 rows; only columns with at most 20% gaps (<= 1) are analyzed.
    Subfamily 3 consists of 16 rows; only columns with at most 20% gaps (<= 3) are analyzed.

Speer scoring term weights:
  Relative entropy term weight (-wRE)         = 1
  Evolutionary distance term weight (-wEDist) = 1
  Evolutionary rate term weight (-wERate)     = 1




Fasta for subfamily 1 written to temporary file C:\Users\admin\AppData\Local\Temp\1i9c_in (it will be removed when SPEER terminates normally).
Running 'rate4Site' for subfamily 0 (please wait; this may take a while...)
    ... 'rate4Site' has finished for subfamily 0.

Fasta for subfamily 2 written to temporary file C:\Users\admin\AppData\Local\Temp\1ia4_in (it will be removed when SPEER terminates normally).
Running 'rate4Site' for subfamily 2 (please wait; this may take a while...)
    ... 'rate4Site' has finished for subfamily 2.

Fasta for subfamily 3 written to temporary file C:\Users\admin\AppData\Local\Temp\1ia7_in (it will be removed when SPEER terminates normally).
Running 'rate4Site' for subfamily 4 (please wait; this may take a while...)
    ... 'rate4Site' has finished for subfamily 4.

#                  SPEER Results
#====================================================
# Column     %ID       Score      Z-score     P-value
#====================================================

18          26.0       3.309       2.443       0.007
22          24.9       3.176       2.345       0.010
26          64.7       2.488       1.837       0.033
19          35.1       2.092       1.545       0.061
48          75.7       1.906       1.407       0.080
49          48.6       1.720       1.270       0.102
47          30.5       1.601       1.182       0.119
14          28.6       1.521       1.123       0.131
10          76.1       1.434       1.059       0.145
28          39.6       1.337       0.987       0.162
52          76.1       1.333       0.984       0.162
43          20.6       1.274       0.940       0.174
55          61.5       1.265       0.934       0.175
15          93.5       1.209       0.892       0.186
39          43.2       1.023       0.755       0.225
53          81.9       0.988       0.729       0.233
41          81.9       0.864       0.638       0.262
9           76.1       0.840       0.620       0.268
34          93.5       0.814       0.601       0.274
58          15.1       0.518       0.382       0.351
11          41.1       0.516       0.381       0.352
37          15.3       0.429       0.317       0.376
59          13.3       0.323       0.238       0.406
4           87.3       0.249       0.184       0.427
67          81.9       0.122       0.090       0.464
33          21.9       0.097       0.072       0.471
32          87.3       0.089       0.066       0.474
29          46.0       0.074       0.054       0.478
36          17.6       0.072       0.053       0.479
12          27.5       0.063       0.047       0.481
57          52.5       0.031       0.023       0.491
30          54.2      -0.008      -0.006       0.502
25          40.9      -0.023      -0.017       0.507
1           62.6      -0.047      -0.035       0.514
64          43.4      -0.074      -0.054       0.522
16          51.8      -0.090      -0.067       0.527
8           81.5      -0.102      -0.075       0.530
21          27.7      -0.160      -0.118       0.547
66          39.4      -0.171      -0.126       0.550
68          81.3      -0.290      -0.214       0.585
45          53.5      -0.341      -0.252       0.599
63          27.3      -0.492      -0.363       0.642
24          23.9      -0.516      -0.381       0.648
56          70.1      -0.642      -0.474       0.682
17          46.5      -0.645      -0.476       0.683
54          28.6      -0.995      -0.734       0.769
20          23.0      -1.011      -0.746       0.772
31          87.3      -1.106      -0.817       0.793
50          23.9      -1.130      -0.834       0.798
61          28.4      -1.156      -0.853       0.803
23          87.5      -1.178      -0.870       0.808
46          87.3      -1.214      -0.896       0.815
0           46.0      -1.244      -0.918       0.821
62          19.1      -1.255      -0.926       0.823
42          17.2      -1.365      -1.008       0.843
13          11.4      -1.556      -1.149       0.875
44          19.1      -1.639      -1.210       0.887
51          25.8      -1.714      -1.265       0.897
60          93.5      -2.325      -1.716       0.957
27          93.5      -2.416      -1.784       0.963
40          25.8      -2.521      -1.861       0.969
2           93.5      -2.526      -1.865       0.969
35          93.5      -2.823      -2.084       0.981

#====================================================

